#! /opt/homebrew/Cellar/icarus-verilog/12.0/bin/vvp
:ivl_version "12.0 (stable)";
:ivl_delay_selection "TYPICAL";
:vpi_time_precision + 0;
:vpi_module "/opt/homebrew/Cellar/icarus-verilog/12.0/lib/ivl/system.vpi";
:vpi_module "/opt/homebrew/Cellar/icarus-verilog/12.0/lib/ivl/vhdl_sys.vpi";
:vpi_module "/opt/homebrew/Cellar/icarus-verilog/12.0/lib/ivl/vhdl_textio.vpi";
:vpi_module "/opt/homebrew/Cellar/icarus-verilog/12.0/lib/ivl/v2005_math.vpi";
:vpi_module "/opt/homebrew/Cellar/icarus-verilog/12.0/lib/ivl/va_math.vpi";
S_0x127204410 .scope module, "fsm_mealy_101_tb" "fsm_mealy_101_tb" 2 108;
 .timescale 0 0;
v0x126624140_0 .var "X", 0 0;
v0x126624200_0 .net "Z", 0 0, v0x126623d90_0;  1 drivers
v0x1266242b0_0 .var "clk", 0 0;
v0x126624380_0 .var "reset", 0 0;
S_0x127204590 .scope module, "uut" "fsm_mealy_101" 2 113, 2 1 0, S_0x127204410;
 .timescale 0 0;
    .port_info 0 /INPUT 1 "clk";
    .port_info 1 /INPUT 1 "reset";
    .port_info 2 /INPUT 1 "X";
    .port_info 3 /OUTPUT 1 "Z";
P_0x127204750 .param/l "S0" 1 2 6, C4<0000>;
P_0x127204790 .param/l "S1" 1 2 7, C4<0001>;
P_0x1272047d0 .param/l "S2" 1 2 8, C4<0010>;
P_0x127204810 .param/l "S3" 1 2 9, C4<0011>;
P_0x127204850 .param/l "S4" 1 2 10, C4<0100>;
P_0x127204890 .param/l "S5" 1 2 11, C4<0101>;
P_0x1272048d0 .param/l "S6" 1 2 12, C4<0110>;
P_0x127204910 .param/l "S7" 1 2 13, C4<0111>;
P_0x127204950 .param/l "S8" 1 2 14, C4<1000>;
v0x127304e80_0 .net "X", 0 0, v0x126624140_0;  1 drivers
v0x126623d90_0 .var "Z", 0 0;
v0x126623e40_0 .net "clk", 0 0, v0x1266242b0_0;  1 drivers
v0x126623ef0_0 .var "next_state", 3 0;
v0x126623f80_0 .net "reset", 0 0, v0x126624380_0;  1 drivers
v0x126624050_0 .var "state", 3 0;
E_0x127304d80 .event anyedge, v0x126624050_0;
E_0x127304dd0 .event anyedge, v0x127304e80_0, v0x126624050_0;
E_0x127304e20 .event posedge, v0x126623f80_0, v0x126623e40_0;
    .scope S_0x127204590;
T_0 ;
    %wait E_0x127304e20;
    %load/vec4 v0x126623f80_0;
    %flag_set/vec4 8;
    %jmp/0xz  T_0.0, 8;
    %pushi/vec4 0, 0, 4;
    %assign/vec4 v0x126624050_0, 0;
    %jmp T_0.1;
T_0.0 ;
    %load/vec4 v0x126623ef0_0;
    %assign/vec4 v0x126624050_0, 0;
T_0.1 ;
    %jmp T_0;
    .thread T_0;
    .scope S_0x127204590;
T_1 ;
    %wait E_0x127304dd0;
    %load/vec4 v0x126624050_0;
    %dup/vec4;
    %pushi/vec4 0, 0, 4;
    %cmp/u;
    %jmp/1 T_1.0, 6;
    %dup/vec4;
    %pushi/vec4 1, 0, 4;
    %cmp/u;
    %jmp/1 T_1.1, 6;
    %dup/vec4;
    %pushi/vec4 2, 0, 4;
    %cmp/u;
    %jmp/1 T_1.2, 6;
    %dup/vec4;
    %pushi/vec4 3, 0, 4;
    %cmp/u;
    %jmp/1 T_1.3, 6;
    %dup/vec4;
    %pushi/vec4 4, 0, 4;
    %cmp/u;
    %jmp/1 T_1.4, 6;
    %dup/vec4;
    %pushi/vec4 5, 0, 4;
    %cmp/u;
    %jmp/1 T_1.5, 6;
    %dup/vec4;
    %pushi/vec4 6, 0, 4;
    %cmp/u;
    %jmp/1 T_1.6, 6;
    %dup/vec4;
    %pushi/vec4 7, 0, 4;
    %cmp/u;
    %jmp/1 T_1.7, 6;
    %dup/vec4;
    %pushi/vec4 8, 0, 4;
    %cmp/u;
    %jmp/1 T_1.8, 6;
    %pushi/vec4 0, 0, 4;
    %store/vec4 v0x126623ef0_0, 0, 4;
    %jmp T_1.10;
T_1.0 ;
    %load/vec4 v0x127304e80_0;
    %flag_set/vec4 8;
    %jmp/0xz  T_1.11, 8;
    %pushi/vec4 1, 0, 4;
    %store/vec4 v0x126623ef0_0, 0, 4;
    %jmp T_1.12;
T_1.11 ;
    %pushi/vec4 4, 0, 4;
    %store/vec4 v0x126623ef0_0, 0, 4;
T_1.12 ;
    %jmp T_1.10;
T_1.1 ;
    %load/vec4 v0x127304e80_0;
    %flag_set/vec4 8;
    %jmp/0xz  T_1.13, 8;
    %pushi/vec4 7, 0, 4;
    %store/vec4 v0x126623ef0_0, 0, 4;
    %jmp T_1.14;
T_1.13 ;
    %pushi/vec4 2, 0, 4;
    %store/vec4 v0x126623ef0_0, 0, 4;
T_1.14 ;
    %jmp T_1.10;
T_1.2 ;
    %load/vec4 v0x127304e80_0;
    %flag_set/vec4 8;
    %jmp/0xz  T_1.15, 8;
    %pushi/vec4 3, 0, 4;
    %store/vec4 v0x126623ef0_0, 0, 4;
    %jmp T_1.16;
T_1.15 ;
    %pushi/vec4 5, 0, 4;
    %store/vec4 v0x126623ef0_0, 0, 4;
T_1.16 ;
    %jmp T_1.10;
T_1.3 ;
    %load/vec4 v0x127304e80_0;
    %flag_set/vec4 8;
    %jmp/0xz  T_1.17, 8;
    %pushi/vec4 7, 0, 4;
    %store/vec4 v0x126623ef0_0, 0, 4;
    %jmp T_1.18;
T_1.17 ;
    %pushi/vec4 2, 0, 4;
    %store/vec4 v0x126623ef0_0, 0, 4;
T_1.18 ;
    %jmp T_1.10;
T_1.4 ;
    %load/vec4 v0x127304e80_0;
    %flag_set/vec4 8;
    %jmp/0xz  T_1.19, 8;
    %pushi/vec4 1, 0, 4;
    %store/vec4 v0x126623ef0_0, 0, 4;
    %jmp T_1.20;
T_1.19 ;
    %pushi/vec4 5, 0, 4;
    %store/vec4 v0x126623ef0_0, 0, 4;
T_1.20 ;
    %jmp T_1.10;
T_1.5 ;
    %load/vec4 v0x127304e80_0;
    %pad/u 32;
    %cmpi/ne 0, 0, 32;
    %jmp/0xz  T_1.21, 4;
    %pushi/vec4 1, 0, 4;
    %store/vec4 v0x126623ef0_0, 0, 4;
    %jmp T_1.22;
T_1.21 ;
    %pushi/vec4 6, 0, 4;
    %store/vec4 v0x126623ef0_0, 0, 4;
T_1.22 ;
    %jmp T_1.10;
T_1.6 ;
    %load/vec4 v0x127304e80_0;
    %flag_set/vec4 8;
    %jmp/0xz  T_1.23, 8;
    %pushi/vec4 6, 0, 4;
    %store/vec4 v0x126623ef0_0, 0, 4;
    %jmp T_1.24;
T_1.23 ;
    %pushi/vec4 6, 0, 4;
    %store/vec4 v0x126623ef0_0, 0, 4;
T_1.24 ;
    %jmp T_1.10;
T_1.7 ;
    %load/vec4 v0x127304e80_0;
    %flag_set/vec4 8;
    %jmp/0xz  T_1.25, 8;
    %pushi/vec4 8, 0, 4;
    %store/vec4 v0x126623ef0_0, 0, 4;
    %jmp T_1.26;
T_1.25 ;
    %pushi/vec4 2, 0, 4;
    %store/vec4 v0x126623ef0_0, 0, 4;
T_1.26 ;
    %jmp T_1.10;
T_1.8 ;
    %pushi/vec4 8, 0, 4;
    %store/vec4 v0x126623ef0_0, 0, 4;
    %jmp T_1.10;
T_1.10 ;
    %pop/vec4 1;
    %jmp T_1;
    .thread T_1, $push;
    .scope S_0x127204590;
T_2 ;
    %wait E_0x127304d80;
    %load/vec4 v0x126624050_0;
    %dup/vec4;
    %pushi/vec4 3, 0, 4;
    %cmp/u;
    %jmp/1 T_2.0, 6;
    %dup/vec4;
    %pushi/vec4 6, 0, 4;
    %cmp/u;
    %jmp/1 T_2.1, 6;
    %dup/vec4;
    %pushi/vec4 8, 0, 4;
    %cmp/u;
    %jmp/1 T_2.2, 6;
    %pushi/vec4 0, 0, 1;
    %store/vec4 v0x126623d90_0, 0, 1;
    %jmp T_2.4;
T_2.0 ;
    %pushi/vec4 1, 0, 1;
    %store/vec4 v0x126623d90_0, 0, 1;
    %jmp T_2.4;
T_2.1 ;
    %pushi/vec4 0, 0, 1;
    %store/vec4 v0x126623d90_0, 0, 1;
    %jmp T_2.4;
T_2.2 ;
    %pushi/vec4 1, 0, 1;
    %store/vec4 v0x126623d90_0, 0, 1;
    %jmp T_2.4;
T_2.4 ;
    %pop/vec4 1;
    %jmp T_2;
    .thread T_2, $push;
    .scope S_0x127204410;
T_3 ;
    %delay 10, 0;
    %load/vec4 v0x1266242b0_0;
    %inv;
    %store/vec4 v0x1266242b0_0, 0, 1;
    %jmp T_3;
    .thread T_3;
    .scope S_0x127204410;
T_4 ;
    %pushi/vec4 0, 0, 1;
    %store/vec4 v0x1266242b0_0, 0, 1;
    %pushi/vec4 1, 0, 1;
    %store/vec4 v0x126624380_0, 0, 1;
    %pushi/vec4 0, 0, 1;
    %store/vec4 v0x126624140_0, 0, 1;
    %delay 10, 0;
    %pushi/vec4 0, 0, 1;
    %store/vec4 v0x126624380_0, 0, 1;
    %pushi/vec4 0, 0, 1;
    %store/vec4 v0x126624140_0, 0, 1;
    %delay 10, 0;
    %delay 10, 0;
    %pushi/vec4 1, 0, 1;
    %store/vec4 v0x126624140_0, 0, 1;
    %delay 10, 0;
    %delay 10, 0;
    %pushi/vec4 0, 0, 1;
    %store/vec4 v0x126624140_0, 0, 1;
    %delay 10, 0;
    %delay 10, 0;
    %pushi/vec4 1, 0, 1;
    %store/vec4 v0x126624140_0, 0, 1;
    %delay 10, 0;
    %delay 10, 0;
    %pushi/vec4 0, 0, 1;
    %store/vec4 v0x126624140_0, 0, 1;
    %delay 10, 0;
    %delay 10, 0;
    %pushi/vec4 1, 0, 1;
    %store/vec4 v0x126624140_0, 0, 1;
    %delay 10, 0;
    %delay 10, 0;
    %pushi/vec4 0, 0, 1;
    %store/vec4 v0x126624140_0, 0, 1;
    %delay 10, 0;
    %delay 10, 0;
    %pushi/vec4 0, 0, 1;
    %store/vec4 v0x126624140_0, 0, 1;
    %delay 10, 0;
    %delay 10, 0;
    %pushi/vec4 1, 0, 1;
    %store/vec4 v0x126624140_0, 0, 1;
    %delay 10, 0;
    %delay 10, 0;
    %pushi/vec4 0, 0, 1;
    %store/vec4 v0x126624140_0, 0, 1;
    %delay 10, 0;
    %delay 10, 0;
    %pushi/vec4 1, 0, 1;
    %store/vec4 v0x126624140_0, 0, 1;
    %delay 10, 0;
    %delay 10, 0;
    %pushi/vec4 0, 0, 1;
    %store/vec4 v0x126624140_0, 0, 1;
    %delay 10, 0;
    %delay 10, 0;
    %pushi/vec4 0, 0, 1;
    %store/vec4 v0x126624140_0, 0, 1;
    %delay 10, 0;
    %delay 10, 0;
    %pushi/vec4 0, 0, 1;
    %store/vec4 v0x126624140_0, 0, 1;
    %delay 10, 0;
    %delay 10, 0;
    %pushi/vec4 1, 0, 1;
    %store/vec4 v0x126624140_0, 0, 1;
    %delay 10, 0;
    %delay 10, 0;
    %pushi/vec4 0, 0, 1;
    %store/vec4 v0x126624140_0, 0, 1;
    %delay 10, 0;
    %delay 10, 0;
    %pushi/vec4 1, 0, 1;
    %store/vec4 v0x126624140_0, 0, 1;
    %delay 10, 0;
    %delay 10, 0;
    %pushi/vec4 1, 0, 1;
    %store/vec4 v0x126624140_0, 0, 1;
    %delay 10, 0;
    %delay 10, 0;
    %pushi/vec4 1, 0, 1;
    %store/vec4 v0x126624140_0, 0, 1;
    %delay 10, 0;
    %vpi_call 2 154 "$display", "reset occurs" {0 0 0};
    %pushi/vec4 1, 0, 1;
    %store/vec4 v0x126624380_0, 0, 1;
    %delay 10, 0;
    %pushi/vec4 0, 0, 1;
    %store/vec4 v0x126624380_0, 0, 1;
    %pushi/vec4 0, 0, 1;
    %store/vec4 v0x126624140_0, 0, 1;
    %delay 10, 0;
    %delay 10, 0;
    %pushi/vec4 1, 0, 1;
    %store/vec4 v0x126624140_0, 0, 1;
    %delay 10, 0;
    %delay 10, 0;
    %pushi/vec4 0, 0, 1;
    %store/vec4 v0x126624140_0, 0, 1;
    %delay 10, 0;
    %delay 10, 0;
    %pushi/vec4 1, 0, 1;
    %store/vec4 v0x126624140_0, 0, 1;
    %delay 10, 0;
    %delay 10, 0;
    %pushi/vec4 0, 0, 1;
    %store/vec4 v0x126624140_0, 0, 1;
    %delay 10, 0;
    %delay 10, 0;
    %pushi/vec4 1, 0, 1;
    %store/vec4 v0x126624140_0, 0, 1;
    %delay 10, 0;
    %delay 10, 0;
    %pushi/vec4 0, 0, 1;
    %store/vec4 v0x126624140_0, 0, 1;
    %delay 10, 0;
    %delay 10, 0;
    %pushi/vec4 1, 0, 1;
    %store/vec4 v0x126624140_0, 0, 1;
    %delay 10, 0;
    %delay 10, 0;
    %pushi/vec4 0, 0, 1;
    %store/vec4 v0x126624140_0, 0, 1;
    %delay 10, 0;
    %delay 10, 0;
    %pushi/vec4 1, 0, 1;
    %store/vec4 v0x126624140_0, 0, 1;
    %delay 10, 0;
    %delay 10, 0;
    %pushi/vec4 1, 0, 1;
    %store/vec4 v0x126624140_0, 0, 1;
    %delay 10, 0;
    %delay 10, 0;
    %pushi/vec4 1, 0, 1;
    %store/vec4 v0x126624140_0, 0, 1;
    %delay 10, 0;
    %delay 10, 0;
    %pushi/vec4 0, 0, 1;
    %store/vec4 v0x126624140_0, 0, 1;
    %delay 10, 0;
    %delay 10, 0;
    %pushi/vec4 1, 0, 1;
    %store/vec4 v0x126624140_0, 0, 1;
    %delay 10, 0;
    %delay 10, 0;
    %pushi/vec4 0, 0, 1;
    %store/vec4 v0x126624140_0, 0, 1;
    %delay 10, 0;
    %delay 10, 0;
    %pushi/vec4 1, 0, 1;
    %store/vec4 v0x126624140_0, 0, 1;
    %delay 10, 0;
    %delay 10, 0;
    %pushi/vec4 0, 0, 1;
    %store/vec4 v0x126624140_0, 0, 1;
    %delay 10, 0;
    %delay 10, 0;
    %pushi/vec4 0, 0, 1;
    %store/vec4 v0x126624140_0, 0, 1;
    %delay 10, 0;
    %delay 10, 0;
    %pushi/vec4 0, 0, 1;
    %store/vec4 v0x126624140_0, 0, 1;
    %delay 10, 0;
    %delay 20, 0;
    %vpi_call 2 183 "$stop" {0 0 0};
    %end;
    .thread T_4;
    .scope S_0x127204410;
T_5 ;
    %vpi_call 2 188 "$monitor", "Time = %0t | X = %b | State = %b | Z = %b", $time, v0x126624140_0, v0x126624050_0, v0x126624200_0 {0 0 0};
    %end;
    .thread T_5;
# The file index is used to find the file name in the following table.
:file_names 3;
    "N/A";
    "<interactive>";
    "tb_lab4.v";
