#! /opt/homebrew/Cellar/icarus-verilog/12.0/bin/vvp
:ivl_version "12.0 (stable)";
:ivl_delay_selection "TYPICAL";
:vpi_time_precision + 0;
:vpi_module "/opt/homebrew/Cellar/icarus-verilog/12.0/lib/ivl/system.vpi";
:vpi_module "/opt/homebrew/Cellar/icarus-verilog/12.0/lib/ivl/vhdl_sys.vpi";
:vpi_module "/opt/homebrew/Cellar/icarus-verilog/12.0/lib/ivl/vhdl_textio.vpi";
:vpi_module "/opt/homebrew/Cellar/icarus-verilog/12.0/lib/ivl/v2005_math.vpi";
:vpi_module "/opt/homebrew/Cellar/icarus-verilog/12.0/lib/ivl/va_math.vpi";
S_0x14ef07aa0 .scope module, "testbench" "testbench" 2 20;
 .timescale 0 0;
v0x14ef1d3f0_0 .var "i", 3 0;
v0x14ef1d4b0_0 .var/i "j", 31 0;
v0x14ef1d550_0 .net "z", 3 0, v0x14ef1d330_0;  1 drivers
S_0x14ef05290 .scope module, "lzd0" "lzd" 2 26, 2 1 0, S_0x14ef07aa0;
 .timescale 0 0;
    .port_info 0 /OUTPUT 4 "z";
    .port_info 1 /INPUT 4 "i";
v0x14ef05400_0 .net "i", 3 0, v0x14ef1d3f0_0;  1 drivers
v0x14ef1d330_0 .var "z", 3 0;
E_0x14ef08090 .event anyedge, v0x14ef05400_0;
    .scope S_0x14ef05290;
T_0 ;
    %wait E_0x14ef08090;
    %pushi/vec4 0, 0, 1;
    %ix/load 4, 3, 0;
    %flag_set/imm 4, 0;
    %store/vec4 v0x14ef1d330_0, 4, 1;
    %load/vec4 v0x14ef05400_0;
    %parti/s 1, 3, 3;
    %inv;
    %load/vec4 v0x14ef05400_0;
    %parti/s 1, 2, 3;
    %inv;
    %mul;
    %load/vec4 v0x14ef05400_0;
    %parti/s 1, 1, 2;
    %inv;
    %mul;
    %load/vec4 v0x14ef05400_0;
    %parti/s 1, 0, 2;
    %inv;
    %mul;
    %ix/load 4, 2, 0;
    %flag_set/imm 4, 0;
    %store/vec4 v0x14ef1d330_0, 4, 1;
    %load/vec4 v0x14ef05400_0;
    %parti/s 1, 3, 3;
    %inv;
    %load/vec4 v0x14ef05400_0;
    %parti/s 1, 2, 3;
    %inv;
    %mul;
    %load/vec4 v0x14ef05400_0;
    %parti/s 1, 0, 2;
    %mul;
    %load/vec4 v0x14ef05400_0;
    %parti/s 1, 3, 3;
    %inv;
    %load/vec4 v0x14ef05400_0;
    %parti/s 1, 2, 3;
    %inv;
    %mul;
    %load/vec4 v0x14ef05400_0;
    %parti/s 1, 1, 2;
    %mul;
    %or;
    %ix/load 4, 1, 0;
    %flag_set/imm 4, 0;
    %store/vec4 v0x14ef1d330_0, 4, 1;
    %load/vec4 v0x14ef05400_0;
    %parti/s 1, 3, 3;
    %inv;
    %load/vec4 v0x14ef05400_0;
    %parti/s 1, 2, 3;
    %mul;
    %load/vec4 v0x14ef05400_0;
    %parti/s 1, 3, 3;
    %inv;
    %load/vec4 v0x14ef05400_0;
    %parti/s 1, 1, 2;
    %inv;
    %mul;
    %load/vec4 v0x14ef05400_0;
    %parti/s 1, 0, 2;
    %mul;
    %or;
    %ix/load 4, 0, 0;
    %flag_set/imm 4, 0;
    %store/vec4 v0x14ef1d330_0, 4, 1;
    %jmp T_0;
    .thread T_0, $push;
    .scope S_0x14ef07aa0;
T_1 ;
    %pushi/vec4 0, 0, 32;
    %store/vec4 v0x14ef1d4b0_0, 0, 32;
T_1.0 ;
    %load/vec4 v0x14ef1d4b0_0;
    %cmpi/s 16, 0, 32;
    %jmp/0xz T_1.1, 5;
    %load/vec4 v0x14ef1d4b0_0;
    %pad/s 4;
    %store/vec4 v0x14ef1d3f0_0, 0, 4;
    %delay 10, 0;
    %vpi_call 2 44 "$display", "input = %b, number of leading zeroes = %b | %d", v0x14ef1d3f0_0, v0x14ef1d550_0, v0x14ef1d550_0 {0 0 0};
    %load/vec4 v0x14ef1d4b0_0;
    %addi 1, 0, 32;
    %store/vec4 v0x14ef1d4b0_0, 0, 32;
    %jmp T_1.0;
T_1.1 ;
    %end;
    .thread T_1;
# The file index is used to find the file name in the following table.
:file_names 3;
    "N/A";
    "<interactive>";
    "tb_part1.v";
