#! /opt/homebrew/Cellar/icarus-verilog/12.0/bin/vvp
:ivl_version "12.0 (stable)";
:ivl_delay_selection "TYPICAL";
:vpi_time_precision + 0;
:vpi_module "/opt/homebrew/Cellar/icarus-verilog/12.0/lib/ivl/system.vpi";
:vpi_module "/opt/homebrew/Cellar/icarus-verilog/12.0/lib/ivl/vhdl_sys.vpi";
:vpi_module "/opt/homebrew/Cellar/icarus-verilog/12.0/lib/ivl/vhdl_textio.vpi";
:vpi_module "/opt/homebrew/Cellar/icarus-verilog/12.0/lib/ivl/v2005_math.vpi";
:vpi_module "/opt/homebrew/Cellar/icarus-verilog/12.0/lib/ivl/va_math.vpi";
S_0x132e0c020 .scope module, "testbench" "testbench" 2 54;
 .timescale 0 0;
v0x132e26120_0 .var "i8", 7 0;
v0x132e261e0_0 .var/i "j", 31 0;
v0x132e26280_0 .net "z8", 3 0, v0x132e25ed0_0;  1 drivers
S_0x132e0c190 .scope module, "lzd8b0" "lzd8b" 2 59, 2 14 0, S_0x132e0c020;
 .timescale 0 0;
    .port_info 0 /OUTPUT 4 "z8";
    .port_info 1 /INPUT 8 "i8";
v0x132e25e20_0 .net "i8", 7 0, v0x132e26120_0;  1 drivers
v0x132e25ed0_0 .var "z8", 3 0;
v0x132e25f80_0 .net "z_lower", 2 0, v0x132e25950_0;  1 drivers
v0x132e26050_0 .net "z_upper", 2 0, v0x132e25d40_0;  1 drivers
E_0x132e0cb70 .event anyedge, v0x132e25d40_0, v0x132e25950_0, v0x132e25e20_0;
L_0x132e26350 .part v0x132e26120_0, 4, 4;
L_0x132e26450 .part v0x132e26120_0, 0, 4;
S_0x132e09ad0 .scope module, "lzd_lower" "lzd" 2 28, 2 1 0, S_0x132e0c190;
 .timescale 0 0;
    .port_info 0 /OUTPUT 3 "z";
    .port_info 1 /INPUT 4 "i";
v0x132e121d0_0 .net "i", 3 0, L_0x132e26450;  1 drivers
v0x132e25950_0 .var "z", 2 0;
E_0x132e14920 .event anyedge, v0x132e121d0_0;
S_0x132e25a30 .scope module, "lzd_upper" "lzd" 2 23, 2 1 0, S_0x132e0c190;
 .timescale 0 0;
    .port_info 0 /OUTPUT 3 "z";
    .port_info 1 /INPUT 4 "i";
v0x132e25c80_0 .net "i", 3 0, L_0x132e26350;  1 drivers
v0x132e25d40_0 .var "z", 2 0;
E_0x132e25c20 .event anyedge, v0x132e25c80_0;
    .scope S_0x132e25a30;
T_0 ;
    %wait E_0x132e25c20;
    %load/vec4 v0x132e25c80_0;
    %parti/s 1, 3, 3;
    %inv;
    %load/vec4 v0x132e25c80_0;
    %parti/s 1, 2, 3;
    %inv;
    %and;
    %load/vec4 v0x132e25c80_0;
    %parti/s 1, 1, 2;
    %inv;
    %and;
    %load/vec4 v0x132e25c80_0;
    %parti/s 1, 0, 2;
    %inv;
    %and;
    %ix/load 4, 2, 0;
    %flag_set/imm 4, 0;
    %store/vec4 v0x132e25d40_0, 4, 1;
    %load/vec4 v0x132e25c80_0;
    %parti/s 1, 3, 3;
    %inv;
    %load/vec4 v0x132e25c80_0;
    %parti/s 1, 2, 3;
    %inv;
    %and;
    %load/vec4 v0x132e25c80_0;
    %parti/s 1, 0, 2;
    %and;
    %load/vec4 v0x132e25c80_0;
    %parti/s 1, 3, 3;
    %inv;
    %load/vec4 v0x132e25c80_0;
    %parti/s 1, 2, 3;
    %inv;
    %and;
    %load/vec4 v0x132e25c80_0;
    %parti/s 1, 1, 2;
    %and;
    %or;
    %ix/load 4, 1, 0;
    %flag_set/imm 4, 0;
    %store/vec4 v0x132e25d40_0, 4, 1;
    %load/vec4 v0x132e25c80_0;
    %parti/s 1, 3, 3;
    %inv;
    %load/vec4 v0x132e25c80_0;
    %parti/s 1, 2, 3;
    %and;
    %load/vec4 v0x132e25c80_0;
    %parti/s 1, 3, 3;
    %inv;
    %load/vec4 v0x132e25c80_0;
    %parti/s 1, 1, 2;
    %inv;
    %and;
    %load/vec4 v0x132e25c80_0;
    %parti/s 1, 0, 2;
    %and;
    %or;
    %ix/load 4, 0, 0;
    %flag_set/imm 4, 0;
    %store/vec4 v0x132e25d40_0, 4, 1;
    %jmp T_0;
    .thread T_0, $push;
    .scope S_0x132e09ad0;
T_1 ;
    %wait E_0x132e14920;
    %load/vec4 v0x132e121d0_0;
    %parti/s 1, 3, 3;
    %inv;
    %load/vec4 v0x132e121d0_0;
    %parti/s 1, 2, 3;
    %inv;
    %and;
    %load/vec4 v0x132e121d0_0;
    %parti/s 1, 1, 2;
    %inv;
    %and;
    %load/vec4 v0x132e121d0_0;
    %parti/s 1, 0, 2;
    %inv;
    %and;
    %ix/load 4, 2, 0;
    %flag_set/imm 4, 0;
    %store/vec4 v0x132e25950_0, 4, 1;
    %load/vec4 v0x132e121d0_0;
    %parti/s 1, 3, 3;
    %inv;
    %load/vec4 v0x132e121d0_0;
    %parti/s 1, 2, 3;
    %inv;
    %and;
    %load/vec4 v0x132e121d0_0;
    %parti/s 1, 0, 2;
    %and;
    %load/vec4 v0x132e121d0_0;
    %parti/s 1, 3, 3;
    %inv;
    %load/vec4 v0x132e121d0_0;
    %parti/s 1, 2, 3;
    %inv;
    %and;
    %load/vec4 v0x132e121d0_0;
    %parti/s 1, 1, 2;
    %and;
    %or;
    %ix/load 4, 1, 0;
    %flag_set/imm 4, 0;
    %store/vec4 v0x132e25950_0, 4, 1;
    %load/vec4 v0x132e121d0_0;
    %parti/s 1, 3, 3;
    %inv;
    %load/vec4 v0x132e121d0_0;
    %parti/s 1, 2, 3;
    %and;
    %load/vec4 v0x132e121d0_0;
    %parti/s 1, 3, 3;
    %inv;
    %load/vec4 v0x132e121d0_0;
    %parti/s 1, 1, 2;
    %inv;
    %and;
    %load/vec4 v0x132e121d0_0;
    %parti/s 1, 0, 2;
    %and;
    %or;
    %ix/load 4, 0, 0;
    %flag_set/imm 4, 0;
    %store/vec4 v0x132e25950_0, 4, 1;
    %jmp T_1;
    .thread T_1, $push;
    .scope S_0x132e0c190;
T_2 ;
    %wait E_0x132e0cb70;
    %load/vec4 v0x132e26050_0;
    %cmpi/e 4, 0, 3;
    %jmp/0xz  T_2.0, 4;
    %load/vec4 v0x132e26050_0;
    %pad/u 4;
    %load/vec4 v0x132e25f80_0;
    %pad/u 4;
    %add;
    %store/vec4 v0x132e25ed0_0, 0, 4;
    %jmp T_2.1;
T_2.0 ;
    %load/vec4 v0x132e26050_0;
    %pad/u 4;
    %store/vec4 v0x132e25ed0_0, 0, 4;
T_2.1 ;
    %load/vec4 v0x132e25e20_0;
    %cmpi/e 0, 0, 8;
    %jmp/0xz  T_2.2, 4;
    %pushi/vec4 8, 0, 4;
    %store/vec4 v0x132e25ed0_0, 0, 4;
T_2.2 ;
    %jmp T_2;
    .thread T_2, $push;
    .scope S_0x132e0c020;
T_3 ;
    %pushi/vec4 0, 0, 32;
    %store/vec4 v0x132e261e0_0, 0, 32;
T_3.0 ;
    %load/vec4 v0x132e261e0_0;
    %cmpi/s 256, 0, 32;
    %jmp/0xz T_3.1, 5;
    %load/vec4 v0x132e261e0_0;
    %pad/s 8;
    %store/vec4 v0x132e26120_0, 0, 8;
    %delay 10, 0;
    %vpi_call 2 73 "$display", "Input: %b, Leading Zeros: %0d", v0x132e26120_0, v0x132e26280_0 {0 0 0};
    %load/vec4 v0x132e261e0_0;
    %addi 1, 0, 32;
    %store/vec4 v0x132e261e0_0, 0, 32;
    %jmp T_3.0;
T_3.1 ;
    %end;
    .thread T_3;
# The file index is used to find the file name in the following table.
:file_names 3;
    "N/A";
    "<interactive>";
    "tb_part2.v";
